  bullet.c
C:\Users\Geibu\Documents\Visual Studio Projects\TMWSM\bullet.c(24,9): warning C4013: 関数 'memset' は定義されていません。int 型の値を返す外部関数と見なします。
  door.c
C:\Users\Geibu\Documents\Visual Studio Projects\TMWSM\door.c(10,8): warning C4013: 関数 'memset' は定義されていません。int 型の値を返す外部関数と見なします。
C:\Users\Geibu\Documents\Visual Studio Projects\TMWSM\door.c(22,8): warning C4013: 関数 'printf' は定義されていません。int 型の値を返す外部関数と見なします。
  player.c
C:\Users\Geibu\Documents\Visual Studio Projects\TMWSM\player.c(30,8): warning C4013: 関数 'memset' は定義されていません。int 型の値を返す外部関数と見なします。
C:\Users\Geibu\Documents\Visual Studio Projects\TMWSM\player.c(104,30): warning C4244: '=': 'Uint32' から 'float' への変換です。データが失われる可能性があります。
C:\Users\Geibu\Documents\Visual Studio Projects\TMWSM\player.c(119,47): warning C4244: '関数': 'float' から 'int' への変換です。データが失われる可能性があります。
C:\Users\Geibu\Documents\Visual Studio Projects\TMWSM\player.c(119,60): warning C4244: '関数': 'float' から 'int' への変換です。データが失われる可能性があります。
C:\Users\Geibu\Documents\Visual Studio Projects\TMWSM\player.c(121,47): warning C4244: '関数': 'float' から 'int' への変換です。データが失われる可能性があります。
C:\Users\Geibu\Documents\Visual Studio Projects\TMWSM\player.c(121,60): warning C4244: '関数': 'float' から 'int' への変換です。データが失われる可能性があります。
C:\Users\Geibu\Documents\Visual Studio Projects\TMWSM\player.c(133,41): warning C4244: '関数': 'float' から 'int' への変換です。データが失われる可能性があります。
C:\Users\Geibu\Documents\Visual Studio Projects\TMWSM\player.c(133,58): warning C4244: '関数': 'float' から 'int' への変換です。データが失われる可能性があります。
  sentry.c
C:\Users\Geibu\Documents\Visual Studio Projects\TMWSM\sentry.c(20,8): warning C4013: 関数 'memset' は定義されていません。int 型の値を返す外部関数と見なします。
C:\Users\Geibu\Documents\Visual Studio Projects\TMWSM\sentry.c(30,24): warning C4244: '=': 'float' から 'int' への変換です。データが失われる可能性があります。
C:\Users\Geibu\Documents\Visual Studio Projects\TMWSM\sentry.c(31,24): warning C4244: '=': 'float' から 'int' への変換です。データが失われる可能性があります。
  コードを生成中...
  TMWSM.vcxproj -> C:\Users\Geibu\Documents\Visual Studio Projects\TMWSM\x64\Debug\TMWSM.exe
